\BOOKMARK [0][-]{Doc-Start}{Acknowledgments}{}% 1
\BOOKMARK [0][-]{chapter*.1}{Abstract}{}% 2
\BOOKMARK [0][-]{chapter.1}{Introduction}{}% 3
\BOOKMARK [1][-]{section.1.1}{Context}{chapter.1}% 4
\BOOKMARK [1][-]{section.1.2}{Related work}{chapter.1}% 5
\BOOKMARK [1][-]{section.1.3}{Problem statement}{chapter.1}% 6
\BOOKMARK [1][-]{section.1.4}{Method and outline}{chapter.1}% 7
\BOOKMARK [0][-]{chapter.2}{Background knowledge}{}% 8
\BOOKMARK [1][-]{section.2.1}{Evaluation of user experience}{chapter.2}% 9
\BOOKMARK [1][-]{section.2.2}{Mechatronic project development approaches}{chapter.2}% 10
\BOOKMARK [1][-]{section.2.3}{MaCon development approach}{chapter.2}% 11
\BOOKMARK [0][-]{chapter.3}{Approach}{}% 12
\BOOKMARK [1][-]{section.3.1}{General approach}{chapter.3}% 13
\BOOKMARK [1][-]{section.3.2}{Integrated data collection}{chapter.3}% 14
\BOOKMARK [2][-]{subsection.3.2.1}{Media files collection}{section.3.2}% 15
\BOOKMARK [2][-]{subsection.3.2.2}{Surveys}{section.3.2}% 16
\BOOKMARK [1][-]{section.3.3}{Analysis tool}{chapter.3}% 17
\BOOKMARK [2][-]{subsection.3.3.1}{Overview}{section.3.3}% 18
\BOOKMARK [2][-]{subsection.3.3.2}{Statistics}{section.3.3}% 19
\BOOKMARK [0][-]{chapter.4}{Implementation}{}% 20
\BOOKMARK [1][-]{section.4.1}{Data collection integration}{chapter.4}% 21
\BOOKMARK [1][-]{section.4.2}{Analysis software}{chapter.4}% 22
\BOOKMARK [2][-]{subsection.4.2.1}{Overview}{section.4.2}% 23
\BOOKMARK [2][-]{subsection.4.2.2}{Statistics}{section.4.2}% 24
\BOOKMARK [0][-]{chapter.5}{Evaluation}{}% 25
\BOOKMARK [1][-]{section.5.1}{Experiment design}{chapter.5}% 26
\BOOKMARK [1][-]{section.5.2}{Experiment}{chapter.5}% 27
\BOOKMARK [1][-]{section.5.3}{Experiment results analysis}{chapter.5}% 28
\BOOKMARK [1][-]{section.5.4}{Evaluation of the analysis software}{chapter.5}% 29
\BOOKMARK [0][-]{chapter.6}{Future work}{}% 30
\BOOKMARK [1][-]{section.6.1}{Big experiments prediction}{chapter.6}% 31
\BOOKMARK [1][-]{section.6.2}{Possible improvements to the analysis software}{chapter.6}% 32
\BOOKMARK [0][-]{chapter.7}{Conclusion}{}% 33
\BOOKMARK [0][-]{chapter*.4}{List of Figures}{}% 34
\BOOKMARK [0][-]{chapter*.5}{List of Tables}{}% 35
\BOOKMARK [0][-]{chapter*.6}{Bibliography}{}% 36
